<?xml version="1.0" encoding="UTF-8"?>
<!-- Generated by org.testng.reporters.JUnitXMLReporter -->
<testsuite hostname="DT170" ignored="0" name="Surefire test" tests="10" failures="1" timestamp="30 Dec 2019 08:27:40 GMT" time="123.181" errors="0">
  <testcase name="validateAddNewContactBtnIsDisplayedTest" time="0.043" classname="com.crm.qa.testcases.ContactsPageTest"/>
  <testcase name="validateUserIsOnHomePageTest" time="1.655" classname="com.crm.qa.testcases.HomePageTest"/>
  <testcase name="createNewContactTest" time="0.0" classname="com.crm.qa.testcases.CreateNewContactPageTest">
    <skipped/>
  </testcase> <!-- createNewContactTest -->
  <testcase name="validateLoginPageTitleTest" time="0.125" classname="com.crm.qa.testcases.LoginPageTest"/>
  <testcase name="validateLoginFunctionalityTest" time="5.292" classname="com.crm.qa.testcases.LoginWindowPageTest"/>
  <testcase name="validateNewButtonIsClickableTest" time="0.13" classname="com.crm.qa.testcases.ContactsPageTest"/>
  <testcase name="validateContactsTest" time="7.174" classname="com.crm.qa.testcases.HomePageTest"/>
  <testcase name="validateCRMLogoImageTest" time="0.184" classname="com.crm.qa.testcases.LoginPageTest"/>
  <testcase name="validateLoginButtonTest" time="0.03" classname="com.crm.qa.testcases.LoginPageTest">
    <failure type="java.lang.AssertionError" message="expected [true] but found [false]">
      <![CDATA[java.lang.AssertionError: expected [true] but found [false]
	at com.crm.qa.testcases.LoginPageTest.validateLoginButtonTest(LoginPageTest.java:44)
... Removed 34 stack frames]]>
    </failure>
  </testcase> <!-- validateLoginButtonTest -->
  <testcase name="validateLoginButtonisClickableTest" time="3.562" classname="com.crm.qa.testcases.LoginPageTest"/>
</testsuite> <!-- Surefire test -->
